21 : 48 : 05 - (DEBUG) :   Building SSL context
21 : 48 : 05 - (DEBUG) :   Switching to SSL
21 : 48 : 05 - (DEBUG) :   SSL has been enabled
21 : 48 : 05 - (DEBUG) :   Starting authorization phase
21 : 48 : 05 - (DEBUG) :   The provided initial strategy is caching_sha2_password
21 : 48 : 05 - (INFO) :   package: mysql.connector.plugins
21 : 48 : 05 - (INFO) :   plugin_name: caching_sha2_password
21 : 48 : 05 - (INFO) :   AUTHENTICATION_PLUGIN_CLASS: MySQLCachingSHA2PasswordAuthPlugin
21 : 48 : 05 - (DEBUG) :   Exchanging further packets
21 : 48 : 05 - (DEBUG) :   caching_sha2_password completed succesfully
21 : 48 : 12 - (INFO) :     This is p1.py File LOG  
21 : 50 : 27 - (DEBUG) :   Building SSL context
21 : 50 : 27 - (DEBUG) :   Switching to SSL
21 : 50 : 27 - (DEBUG) :   SSL has been enabled
21 : 50 : 27 - (DEBUG) :   Starting authorization phase
21 : 50 : 27 - (DEBUG) :   The provided initial strategy is caching_sha2_password
21 : 50 : 27 - (INFO) :   package: mysql.connector.plugins
21 : 50 : 27 - (INFO) :   plugin_name: caching_sha2_password
21 : 50 : 27 - (INFO) :   AUTHENTICATION_PLUGIN_CLASS: MySQLCachingSHA2PasswordAuthPlugin
21 : 50 : 27 - (DEBUG) :   Exchanging further packets
21 : 50 : 27 - (DEBUG) :   caching_sha2_password completed succesfully
21 : 50 : 27 - (INFO) :     This is p1.py File LOG  
21 : 52 : 32 - (DEBUG) :   Building SSL context
21 : 52 : 32 - (DEBUG) :   Switching to SSL
21 : 52 : 32 - (DEBUG) :   SSL has been enabled
21 : 52 : 32 - (DEBUG) :   Starting authorization phase
21 : 52 : 32 - (DEBUG) :   The provided initial strategy is caching_sha2_password
21 : 52 : 32 - (INFO) :   package: mysql.connector.plugins
21 : 52 : 32 - (INFO) :   plugin_name: caching_sha2_password
21 : 52 : 32 - (INFO) :   AUTHENTICATION_PLUGIN_CLASS: MySQLCachingSHA2PasswordAuthPlugin
21 : 52 : 32 - (DEBUG) :   Exchanging further packets
21 : 52 : 32 - (DEBUG) :   caching_sha2_password completed succesfully
21 : 52 : 32 - (INFO) :     This is p1.py File LOG  
21 : 52 : 32 - (DEBUG) :   Entered  PlayerOnProperty
21 : 55 : 27 - (DEBUG) :   Building SSL context
21 : 55 : 27 - (DEBUG) :   Switching to SSL
21 : 55 : 27 - (DEBUG) :   SSL has been enabled
21 : 55 : 27 - (DEBUG) :   Starting authorization phase
21 : 55 : 27 - (DEBUG) :   The provided initial strategy is caching_sha2_password
21 : 55 : 27 - (INFO) :   package: mysql.connector.plugins
21 : 55 : 27 - (INFO) :   plugin_name: caching_sha2_password
21 : 55 : 27 - (INFO) :   AUTHENTICATION_PLUGIN_CLASS: MySQLCachingSHA2PasswordAuthPlugin
21 : 55 : 27 - (DEBUG) :   Exchanging further packets
21 : 55 : 27 - (DEBUG) :   caching_sha2_password completed succesfully
21 : 55 : 27 - (INFO) :     This is p1.py File LOG  
21 : 55 : 27 - (DEBUG) :   Entered  PlayerOnProperty
21 : 55 : 27 - (DEBUG) :   Entered  Rent Property
21 : 57 : 08 - (DEBUG) :   Building SSL context
21 : 57 : 08 - (DEBUG) :   Switching to SSL
21 : 57 : 08 - (DEBUG) :   SSL has been enabled
21 : 57 : 08 - (DEBUG) :   Starting authorization phase
21 : 57 : 08 - (DEBUG) :   The provided initial strategy is caching_sha2_password
21 : 57 : 08 - (INFO) :   package: mysql.connector.plugins
21 : 57 : 08 - (INFO) :   plugin_name: caching_sha2_password
21 : 57 : 08 - (INFO) :   AUTHENTICATION_PLUGIN_CLASS: MySQLCachingSHA2PasswordAuthPlugin
21 : 57 : 08 - (DEBUG) :   Exchanging further packets
21 : 57 : 08 - (DEBUG) :   caching_sha2_password completed succesfully
21 : 57 : 54 - (DEBUG) :   Building SSL context
21 : 57 : 54 - (DEBUG) :   Switching to SSL
21 : 57 : 54 - (DEBUG) :   SSL has been enabled
21 : 57 : 54 - (DEBUG) :   Starting authorization phase
21 : 57 : 54 - (DEBUG) :   The provided initial strategy is caching_sha2_password
21 : 57 : 54 - (INFO) :   package: mysql.connector.plugins
21 : 57 : 54 - (INFO) :   plugin_name: caching_sha2_password
21 : 57 : 54 - (INFO) :   AUTHENTICATION_PLUGIN_CLASS: MySQLCachingSHA2PasswordAuthPlugin
21 : 57 : 54 - (DEBUG) :   Exchanging further packets
21 : 57 : 54 - (DEBUG) :   caching_sha2_password completed succesfully
21 : 57 : 55 - (DEBUG) :   Using proactor: IocpProactor
21 : 57 : 55 - (INFO) :     This is p1.py File LOG  
21 : 57 : 55 - (DEBUG) :   Entered  PlayerOnProperty
21 : 57 : 55 - (DEBUG) :   Entered  Rent Property
21 : 59 : 05 - (DEBUG) :   Building SSL context
21 : 59 : 05 - (DEBUG) :   Switching to SSL
21 : 59 : 05 - (DEBUG) :   SSL has been enabled
21 : 59 : 05 - (DEBUG) :   Starting authorization phase
21 : 59 : 05 - (DEBUG) :   The provided initial strategy is caching_sha2_password
21 : 59 : 05 - (INFO) :   package: mysql.connector.plugins
21 : 59 : 05 - (INFO) :   plugin_name: caching_sha2_password
21 : 59 : 05 - (INFO) :   AUTHENTICATION_PLUGIN_CLASS: MySQLCachingSHA2PasswordAuthPlugin
21 : 59 : 05 - (DEBUG) :   Exchanging further packets
21 : 59 : 05 - (DEBUG) :   caching_sha2_password completed succesfully
21 : 59 : 05 - (DEBUG) :   Using proactor: IocpProactor
21 : 59 : 05 - (INFO) :     This is p1.py File LOG  
21 : 59 : 05 - (DEBUG) :   Entered  PlayerOnProperty
21 : 59 : 05 - (DEBUG) :   Entered  Rent Property
21 : 59 : 23 - (DEBUG) :   Building SSL context
21 : 59 : 23 - (DEBUG) :   Switching to SSL
21 : 59 : 23 - (DEBUG) :   SSL has been enabled
21 : 59 : 23 - (DEBUG) :   Starting authorization phase
21 : 59 : 23 - (DEBUG) :   The provided initial strategy is caching_sha2_password
21 : 59 : 23 - (INFO) :   package: mysql.connector.plugins
21 : 59 : 23 - (INFO) :   plugin_name: caching_sha2_password
21 : 59 : 23 - (INFO) :   AUTHENTICATION_PLUGIN_CLASS: MySQLCachingSHA2PasswordAuthPlugin
21 : 59 : 23 - (DEBUG) :   Exchanging further packets
21 : 59 : 23 - (DEBUG) :   caching_sha2_password completed succesfully
21 : 59 : 23 - (DEBUG) :   Using proactor: IocpProactor
21 : 59 : 23 - (INFO) :     This is p1.py File LOG  
21 : 59 : 23 - (DEBUG) :   Entered  PlayerOnProperty
21 : 59 : 23 - (DEBUG) :   Entered  Rent Property
21 : 59 : 33 - (DEBUG) :   Building SSL context
21 : 59 : 33 - (DEBUG) :   Switching to SSL
21 : 59 : 33 - (DEBUG) :   SSL has been enabled
21 : 59 : 33 - (DEBUG) :   Starting authorization phase
21 : 59 : 33 - (DEBUG) :   The provided initial strategy is caching_sha2_password
21 : 59 : 33 - (INFO) :   package: mysql.connector.plugins
21 : 59 : 33 - (INFO) :   plugin_name: caching_sha2_password
21 : 59 : 33 - (INFO) :   AUTHENTICATION_PLUGIN_CLASS: MySQLCachingSHA2PasswordAuthPlugin
21 : 59 : 33 - (DEBUG) :   Exchanging further packets
21 : 59 : 33 - (DEBUG) :   caching_sha2_password completed succesfully
21 : 59 : 33 - (DEBUG) :   Using proactor: IocpProactor
21 : 59 : 33 - (INFO) :     This is p1.py File LOG  
21 : 59 : 33 - (DEBUG) :   Entered  PlayerOnProperty
21 : 59 : 33 - (DEBUG) :   Entered  Rent Property
22 : 00 : 11 - (DEBUG) :   Building SSL context
22 : 00 : 11 - (DEBUG) :   Switching to SSL
22 : 00 : 11 - (DEBUG) :   SSL has been enabled
22 : 00 : 11 - (DEBUG) :   Starting authorization phase
22 : 00 : 11 - (DEBUG) :   The provided initial strategy is caching_sha2_password
22 : 00 : 11 - (INFO) :   package: mysql.connector.plugins
22 : 00 : 11 - (INFO) :   plugin_name: caching_sha2_password
22 : 00 : 11 - (INFO) :   AUTHENTICATION_PLUGIN_CLASS: MySQLCachingSHA2PasswordAuthPlugin
22 : 00 : 11 - (DEBUG) :   Exchanging further packets
22 : 00 : 11 - (DEBUG) :   caching_sha2_password completed succesfully
22 : 00 : 11 - (DEBUG) :   Using proactor: IocpProactor
22 : 00 : 11 - (INFO) :     This is p1.py File LOG  
22 : 00 : 11 - (DEBUG) :   Entered  PlayerOnProperty
22 : 00 : 11 - (DEBUG) :   Entered  Rent Property
01 : 22 : 18 - (DEBUG) :   Building SSL context
01 : 22 : 18 - (DEBUG) :   Switching to SSL
01 : 22 : 18 - (DEBUG) :   SSL has been enabled
01 : 22 : 18 - (DEBUG) :   Starting authorization phase
01 : 22 : 18 - (DEBUG) :   The provided initial strategy is caching_sha2_password
01 : 22 : 18 - (INFO) :   package: mysql.connector.plugins
01 : 22 : 18 - (INFO) :   plugin_name: caching_sha2_password
01 : 22 : 18 - (INFO) :   AUTHENTICATION_PLUGIN_CLASS: MySQLCachingSHA2PasswordAuthPlugin
01 : 22 : 18 - (DEBUG) :   Exchanging further packets
01 : 22 : 18 - (DEBUG) :   caching_sha2_password completed succesfully
01 : 22 : 18 - (DEBUG) :   Using proactor: IocpProactor
01 : 22 : 18 - (INFO) :     This is p1.py File LOG  
01 : 22 : 18 - (DEBUG) :   Entered  PlayerOnProperty
01 : 22 : 18 - (DEBUG) :   Entered  Rent Property
03 : 26 : 21 - (DEBUG) :   Building SSL context
03 : 26 : 21 - (DEBUG) :   Switching to SSL
03 : 26 : 21 - (DEBUG) :   SSL has been enabled
03 : 26 : 21 - (DEBUG) :   Starting authorization phase
03 : 26 : 21 - (DEBUG) :   The provided initial strategy is caching_sha2_password
03 : 26 : 21 - (INFO) :   package: mysql.connector.plugins
03 : 26 : 21 - (INFO) :   plugin_name: caching_sha2_password
03 : 26 : 21 - (INFO) :   AUTHENTICATION_PLUGIN_CLASS: MySQLCachingSHA2PasswordAuthPlugin
03 : 26 : 21 - (DEBUG) :   Exchanging further packets
03 : 26 : 21 - (DEBUG) :   caching_sha2_password completed succesfully
03 : 26 : 22 - (DEBUG) :   Building SSL context
03 : 26 : 22 - (DEBUG) :   Switching to SSL
03 : 26 : 22 - (DEBUG) :   SSL has been enabled
03 : 26 : 22 - (DEBUG) :   Starting authorization phase
03 : 26 : 22 - (DEBUG) :   The provided initial strategy is caching_sha2_password
03 : 26 : 22 - (DEBUG) :   Exchanging further packets
03 : 26 : 22 - (DEBUG) :   caching_sha2_password completed succesfully
03 : 26 : 36 - (DEBUG) :   Building SSL context
03 : 26 : 36 - (DEBUG) :   Switching to SSL
03 : 26 : 36 - (DEBUG) :   SSL has been enabled
03 : 26 : 36 - (DEBUG) :   Starting authorization phase
03 : 26 : 36 - (DEBUG) :   The provided initial strategy is caching_sha2_password
03 : 26 : 36 - (INFO) :   package: mysql.connector.plugins
03 : 26 : 36 - (INFO) :   plugin_name: caching_sha2_password
03 : 26 : 36 - (INFO) :   AUTHENTICATION_PLUGIN_CLASS: MySQLCachingSHA2PasswordAuthPlugin
03 : 26 : 36 - (DEBUG) :   Exchanging further packets
03 : 26 : 36 - (DEBUG) :   caching_sha2_password completed succesfully
03 : 26 : 36 - (DEBUG) :   Building SSL context
03 : 26 : 36 - (DEBUG) :   Switching to SSL
03 : 26 : 36 - (DEBUG) :   SSL has been enabled
03 : 26 : 36 - (DEBUG) :   Starting authorization phase
03 : 26 : 36 - (DEBUG) :   The provided initial strategy is caching_sha2_password
03 : 26 : 36 - (DEBUG) :   Exchanging further packets
03 : 26 : 36 - (DEBUG) :   caching_sha2_password completed succesfully
03 : 43 : 44 - (DEBUG) :   Building SSL context
03 : 43 : 44 - (DEBUG) :   Switching to SSL
03 : 43 : 44 - (DEBUG) :   SSL has been enabled
03 : 43 : 44 - (DEBUG) :   Starting authorization phase
03 : 43 : 44 - (DEBUG) :   The provided initial strategy is caching_sha2_password
03 : 43 : 44 - (INFO) :   package: mysql.connector.plugins
03 : 43 : 44 - (INFO) :   plugin_name: caching_sha2_password
03 : 43 : 44 - (INFO) :   AUTHENTICATION_PLUGIN_CLASS: MySQLCachingSHA2PasswordAuthPlugin
03 : 43 : 44 - (DEBUG) :   Exchanging further packets
03 : 43 : 44 - (DEBUG) :   caching_sha2_password completed succesfully
03 : 43 : 44 - (DEBUG) :   Building SSL context
03 : 43 : 44 - (DEBUG) :   Switching to SSL
03 : 43 : 44 - (DEBUG) :   SSL has been enabled
03 : 43 : 44 - (DEBUG) :   Starting authorization phase
03 : 43 : 44 - (DEBUG) :   The provided initial strategy is caching_sha2_password
03 : 43 : 44 - (DEBUG) :   Exchanging further packets
03 : 43 : 44 - (DEBUG) :   caching_sha2_password completed succesfully
03 : 45 : 01 - (DEBUG) :   Building SSL context
03 : 45 : 01 - (DEBUG) :   Switching to SSL
03 : 45 : 01 - (DEBUG) :   SSL has been enabled
03 : 45 : 01 - (DEBUG) :   Starting authorization phase
03 : 45 : 01 - (DEBUG) :   The provided initial strategy is caching_sha2_password
03 : 45 : 01 - (INFO) :   package: mysql.connector.plugins
03 : 45 : 01 - (INFO) :   plugin_name: caching_sha2_password
03 : 45 : 01 - (INFO) :   AUTHENTICATION_PLUGIN_CLASS: MySQLCachingSHA2PasswordAuthPlugin
03 : 45 : 01 - (DEBUG) :   Exchanging further packets
03 : 45 : 01 - (DEBUG) :   caching_sha2_password completed succesfully
03 : 45 : 01 - (DEBUG) :   Building SSL context
03 : 45 : 01 - (DEBUG) :   Switching to SSL
03 : 45 : 01 - (DEBUG) :   SSL has been enabled
03 : 45 : 01 - (DEBUG) :   Starting authorization phase
03 : 45 : 01 - (DEBUG) :   The provided initial strategy is caching_sha2_password
03 : 45 : 01 - (DEBUG) :   Exchanging further packets
03 : 45 : 01 - (DEBUG) :   caching_sha2_password completed succesfully
03 : 45 : 16 - (DEBUG) :   Building SSL context
03 : 45 : 16 - (DEBUG) :   Switching to SSL
03 : 45 : 16 - (DEBUG) :   SSL has been enabled
03 : 45 : 16 - (DEBUG) :   Starting authorization phase
03 : 45 : 16 - (DEBUG) :   The provided initial strategy is caching_sha2_password
03 : 45 : 16 - (INFO) :   package: mysql.connector.plugins
03 : 45 : 16 - (INFO) :   plugin_name: caching_sha2_password
03 : 45 : 16 - (INFO) :   AUTHENTICATION_PLUGIN_CLASS: MySQLCachingSHA2PasswordAuthPlugin
03 : 45 : 16 - (DEBUG) :   Exchanging further packets
03 : 45 : 16 - (DEBUG) :   caching_sha2_password completed succesfully
03 : 45 : 16 - (DEBUG) :   Building SSL context
03 : 45 : 16 - (DEBUG) :   Switching to SSL
03 : 45 : 16 - (DEBUG) :   SSL has been enabled
03 : 45 : 16 - (DEBUG) :   Starting authorization phase
03 : 45 : 16 - (DEBUG) :   The provided initial strategy is caching_sha2_password
03 : 45 : 16 - (DEBUG) :   Exchanging further packets
03 : 45 : 16 - (DEBUG) :   caching_sha2_password completed succesfully
03 : 46 : 11 - (DEBUG) :   Building SSL context
03 : 46 : 11 - (DEBUG) :   Switching to SSL
03 : 46 : 11 - (DEBUG) :   SSL has been enabled
03 : 46 : 11 - (DEBUG) :   Starting authorization phase
03 : 46 : 11 - (DEBUG) :   The provided initial strategy is caching_sha2_password
03 : 46 : 11 - (INFO) :   package: mysql.connector.plugins
03 : 46 : 11 - (INFO) :   plugin_name: caching_sha2_password
03 : 46 : 11 - (INFO) :   AUTHENTICATION_PLUGIN_CLASS: MySQLCachingSHA2PasswordAuthPlugin
03 : 46 : 11 - (DEBUG) :   Exchanging further packets
03 : 46 : 11 - (DEBUG) :   caching_sha2_password completed succesfully
03 : 46 : 11 - (DEBUG) :   Building SSL context
03 : 46 : 11 - (DEBUG) :   Switching to SSL
03 : 46 : 11 - (DEBUG) :   SSL has been enabled
03 : 46 : 11 - (DEBUG) :   Starting authorization phase
03 : 46 : 11 - (DEBUG) :   The provided initial strategy is caching_sha2_password
03 : 46 : 11 - (DEBUG) :   Exchanging further packets
03 : 46 : 11 - (DEBUG) :   caching_sha2_password completed succesfully
03 : 46 : 49 - (DEBUG) :   Building SSL context
03 : 46 : 49 - (DEBUG) :   Switching to SSL
03 : 46 : 49 - (DEBUG) :   SSL has been enabled
03 : 46 : 49 - (DEBUG) :   Starting authorization phase
03 : 46 : 49 - (DEBUG) :   The provided initial strategy is caching_sha2_password
03 : 46 : 49 - (INFO) :   package: mysql.connector.plugins
03 : 46 : 49 - (INFO) :   plugin_name: caching_sha2_password
03 : 46 : 49 - (INFO) :   AUTHENTICATION_PLUGIN_CLASS: MySQLCachingSHA2PasswordAuthPlugin
03 : 46 : 49 - (DEBUG) :   Exchanging further packets
03 : 46 : 49 - (DEBUG) :   caching_sha2_password completed succesfully
03 : 46 : 50 - (DEBUG) :   Building SSL context
03 : 46 : 50 - (DEBUG) :   Switching to SSL
03 : 46 : 50 - (DEBUG) :   SSL has been enabled
03 : 46 : 50 - (DEBUG) :   Starting authorization phase
03 : 46 : 50 - (DEBUG) :   The provided initial strategy is caching_sha2_password
03 : 46 : 50 - (DEBUG) :   Exchanging further packets
03 : 46 : 50 - (DEBUG) :   caching_sha2_password completed succesfully
03 : 47 : 39 - (DEBUG) :   Building SSL context
03 : 47 : 39 - (DEBUG) :   Switching to SSL
03 : 47 : 39 - (DEBUG) :   SSL has been enabled
03 : 47 : 39 - (DEBUG) :   Starting authorization phase
03 : 47 : 39 - (DEBUG) :   The provided initial strategy is caching_sha2_password
03 : 47 : 39 - (INFO) :   package: mysql.connector.plugins
03 : 47 : 39 - (INFO) :   plugin_name: caching_sha2_password
03 : 47 : 39 - (INFO) :   AUTHENTICATION_PLUGIN_CLASS: MySQLCachingSHA2PasswordAuthPlugin
03 : 47 : 39 - (DEBUG) :   Exchanging further packets
03 : 47 : 39 - (DEBUG) :   caching_sha2_password completed succesfully
03 : 47 : 40 - (DEBUG) :   Building SSL context
03 : 47 : 40 - (DEBUG) :   Switching to SSL
03 : 47 : 40 - (DEBUG) :   SSL has been enabled
03 : 47 : 40 - (DEBUG) :   Starting authorization phase
03 : 47 : 40 - (DEBUG) :   The provided initial strategy is caching_sha2_password
03 : 47 : 40 - (DEBUG) :   Exchanging further packets
03 : 47 : 40 - (DEBUG) :   caching_sha2_password completed succesfully
03 : 48 : 41 - (DEBUG) :   Building SSL context
03 : 48 : 41 - (DEBUG) :   Switching to SSL
03 : 48 : 41 - (DEBUG) :   SSL has been enabled
03 : 48 : 41 - (DEBUG) :   Starting authorization phase
03 : 48 : 41 - (DEBUG) :   The provided initial strategy is caching_sha2_password
03 : 48 : 41 - (INFO) :   package: mysql.connector.plugins
03 : 48 : 41 - (INFO) :   plugin_name: caching_sha2_password
03 : 48 : 41 - (INFO) :   AUTHENTICATION_PLUGIN_CLASS: MySQLCachingSHA2PasswordAuthPlugin
03 : 48 : 41 - (DEBUG) :   Exchanging further packets
03 : 48 : 41 - (DEBUG) :   caching_sha2_password completed succesfully
03 : 48 : 41 - (DEBUG) :   Building SSL context
03 : 48 : 42 - (DEBUG) :   Switching to SSL
03 : 48 : 42 - (DEBUG) :   SSL has been enabled
03 : 48 : 42 - (DEBUG) :   Starting authorization phase
03 : 48 : 42 - (DEBUG) :   The provided initial strategy is caching_sha2_password
03 : 48 : 42 - (DEBUG) :   Exchanging further packets
03 : 48 : 42 - (DEBUG) :   caching_sha2_password completed succesfully
03 : 50 : 06 - (DEBUG) :   Building SSL context
03 : 50 : 06 - (DEBUG) :   Switching to SSL
03 : 50 : 06 - (DEBUG) :   SSL has been enabled
03 : 50 : 06 - (DEBUG) :   Starting authorization phase
03 : 50 : 06 - (DEBUG) :   The provided initial strategy is caching_sha2_password
03 : 50 : 06 - (INFO) :   package: mysql.connector.plugins
03 : 50 : 06 - (INFO) :   plugin_name: caching_sha2_password
03 : 50 : 06 - (INFO) :   AUTHENTICATION_PLUGIN_CLASS: MySQLCachingSHA2PasswordAuthPlugin
03 : 50 : 06 - (DEBUG) :   Exchanging further packets
03 : 50 : 06 - (DEBUG) :   caching_sha2_password completed succesfully
03 : 50 : 06 - (DEBUG) :   Building SSL context
03 : 50 : 06 - (DEBUG) :   Switching to SSL
03 : 50 : 06 - (DEBUG) :   SSL has been enabled
03 : 50 : 06 - (DEBUG) :   Starting authorization phase
03 : 50 : 06 - (DEBUG) :   The provided initial strategy is caching_sha2_password
03 : 50 : 06 - (DEBUG) :   Exchanging further packets
03 : 50 : 06 - (DEBUG) :   caching_sha2_password completed succesfully
03 : 51 : 14 - (DEBUG) :   Building SSL context
03 : 51 : 14 - (DEBUG) :   Switching to SSL
03 : 51 : 14 - (DEBUG) :   SSL has been enabled
03 : 51 : 14 - (DEBUG) :   Starting authorization phase
03 : 51 : 14 - (DEBUG) :   The provided initial strategy is caching_sha2_password
03 : 51 : 14 - (INFO) :   package: mysql.connector.plugins
03 : 51 : 14 - (INFO) :   plugin_name: caching_sha2_password
03 : 51 : 14 - (INFO) :   AUTHENTICATION_PLUGIN_CLASS: MySQLCachingSHA2PasswordAuthPlugin
03 : 51 : 14 - (DEBUG) :   Exchanging further packets
03 : 51 : 14 - (DEBUG) :   caching_sha2_password completed succesfully
03 : 51 : 14 - (DEBUG) :   Building SSL context
03 : 51 : 15 - (DEBUG) :   Switching to SSL
03 : 51 : 15 - (DEBUG) :   SSL has been enabled
03 : 51 : 15 - (DEBUG) :   Starting authorization phase
03 : 51 : 15 - (DEBUG) :   The provided initial strategy is caching_sha2_password
03 : 51 : 15 - (DEBUG) :   Exchanging further packets
03 : 51 : 15 - (DEBUG) :   caching_sha2_password completed succesfully
03 : 52 : 14 - (DEBUG) :   Building SSL context
03 : 52 : 14 - (DEBUG) :   Switching to SSL
03 : 52 : 14 - (DEBUG) :   SSL has been enabled
03 : 52 : 14 - (DEBUG) :   Starting authorization phase
03 : 52 : 14 - (DEBUG) :   The provided initial strategy is caching_sha2_password
03 : 52 : 14 - (INFO) :   package: mysql.connector.plugins
03 : 52 : 14 - (INFO) :   plugin_name: caching_sha2_password
03 : 52 : 14 - (INFO) :   AUTHENTICATION_PLUGIN_CLASS: MySQLCachingSHA2PasswordAuthPlugin
03 : 52 : 14 - (DEBUG) :   Exchanging further packets
03 : 52 : 14 - (DEBUG) :   caching_sha2_password completed succesfully
03 : 52 : 14 - (DEBUG) :   Building SSL context
03 : 52 : 14 - (DEBUG) :   Switching to SSL
03 : 52 : 14 - (DEBUG) :   SSL has been enabled
03 : 52 : 14 - (DEBUG) :   Starting authorization phase
03 : 52 : 14 - (DEBUG) :   The provided initial strategy is caching_sha2_password
03 : 52 : 14 - (DEBUG) :   Exchanging further packets
03 : 52 : 14 - (DEBUG) :   caching_sha2_password completed succesfully
03 : 52 : 18 - (DEBUG) :   Entered  PlayerOnProperty
03 : 52 : 18 - (DEBUG) :   Entered  Rent Property
03 : 53 : 37 - (DEBUG) :   Entered  PlayerOnProperty
03 : 53 : 37 - (DEBUG) :   Entered  Rent Property
03 : 54 : 13 - (DEBUG) :   Building SSL context
03 : 54 : 13 - (DEBUG) :   Switching to SSL
03 : 54 : 13 - (DEBUG) :   SSL has been enabled
03 : 54 : 13 - (DEBUG) :   Starting authorization phase
03 : 54 : 13 - (DEBUG) :   The provided initial strategy is caching_sha2_password
03 : 54 : 13 - (INFO) :   package: mysql.connector.plugins
03 : 54 : 13 - (INFO) :   plugin_name: caching_sha2_password
03 : 54 : 13 - (INFO) :   AUTHENTICATION_PLUGIN_CLASS: MySQLCachingSHA2PasswordAuthPlugin
03 : 54 : 13 - (DEBUG) :   Exchanging further packets
03 : 54 : 13 - (DEBUG) :   caching_sha2_password completed succesfully
03 : 54 : 13 - (DEBUG) :   Building SSL context
03 : 54 : 13 - (DEBUG) :   Switching to SSL
03 : 54 : 13 - (DEBUG) :   SSL has been enabled
03 : 54 : 13 - (DEBUG) :   Starting authorization phase
03 : 54 : 13 - (DEBUG) :   The provided initial strategy is caching_sha2_password
03 : 54 : 13 - (DEBUG) :   Exchanging further packets
03 : 54 : 13 - (DEBUG) :   caching_sha2_password completed succesfully
03 : 54 : 18 - (DEBUG) :   Entered  PlayerOnProperty
03 : 54 : 18 - (DEBUG) :   Entered  Rent Property
03 : 54 : 53 - (DEBUG) :   Building SSL context
03 : 54 : 54 - (DEBUG) :   Switching to SSL
03 : 54 : 54 - (DEBUG) :   SSL has been enabled
03 : 54 : 54 - (DEBUG) :   Starting authorization phase
03 : 54 : 54 - (DEBUG) :   The provided initial strategy is caching_sha2_password
03 : 54 : 54 - (INFO) :   package: mysql.connector.plugins
03 : 54 : 54 - (INFO) :   plugin_name: caching_sha2_password
03 : 54 : 54 - (INFO) :   AUTHENTICATION_PLUGIN_CLASS: MySQLCachingSHA2PasswordAuthPlugin
03 : 54 : 54 - (DEBUG) :   Exchanging further packets
03 : 54 : 54 - (DEBUG) :   caching_sha2_password completed succesfully
03 : 54 : 54 - (DEBUG) :   Building SSL context
03 : 54 : 54 - (DEBUG) :   Switching to SSL
03 : 54 : 54 - (DEBUG) :   SSL has been enabled
03 : 54 : 54 - (DEBUG) :   Starting authorization phase
03 : 54 : 54 - (DEBUG) :   The provided initial strategy is caching_sha2_password
03 : 54 : 54 - (DEBUG) :   Exchanging further packets
03 : 54 : 54 - (DEBUG) :   caching_sha2_password completed succesfully
03 : 54 : 58 - (DEBUG) :   Entered  PlayerOnProperty
03 : 54 : 58 - (DEBUG) :   Entered  Rent Property
00 : 39 : 42 - (DEBUG) :   Building SSL context
00 : 39 : 42 - (DEBUG) :   Switching to SSL
00 : 39 : 42 - (DEBUG) :   SSL has been enabled
00 : 39 : 42 - (DEBUG) :   Starting authorization phase
00 : 39 : 42 - (DEBUG) :   The provided initial strategy is caching_sha2_password
00 : 39 : 42 - (INFO) :   package: mysql.connector.plugins
00 : 39 : 42 - (INFO) :   plugin_name: caching_sha2_password
00 : 39 : 42 - (INFO) :   AUTHENTICATION_PLUGIN_CLASS: MySQLCachingSHA2PasswordAuthPlugin
00 : 39 : 42 - (DEBUG) :   Exchanging further packets
00 : 39 : 42 - (DEBUG) :   caching_sha2_password completed succesfully
00 : 39 : 42 - (DEBUG) :   Building SSL context
00 : 39 : 42 - (DEBUG) :   Switching to SSL
00 : 39 : 42 - (DEBUG) :   SSL has been enabled
00 : 39 : 42 - (DEBUG) :   Starting authorization phase
00 : 39 : 42 - (DEBUG) :   The provided initial strategy is caching_sha2_password
00 : 39 : 42 - (DEBUG) :   Exchanging further packets
00 : 39 : 42 - (DEBUG) :   caching_sha2_password completed succesfully
00 : 40 : 22 - (DEBUG) :   Building SSL context
00 : 40 : 23 - (DEBUG) :   Switching to SSL
00 : 40 : 23 - (DEBUG) :   SSL has been enabled
00 : 40 : 23 - (DEBUG) :   Starting authorization phase
00 : 40 : 23 - (DEBUG) :   The provided initial strategy is caching_sha2_password
00 : 40 : 23 - (INFO) :   package: mysql.connector.plugins
00 : 40 : 23 - (INFO) :   plugin_name: caching_sha2_password
00 : 40 : 23 - (INFO) :   AUTHENTICATION_PLUGIN_CLASS: MySQLCachingSHA2PasswordAuthPlugin
00 : 40 : 23 - (DEBUG) :   Exchanging further packets
00 : 40 : 23 - (DEBUG) :   caching_sha2_password completed succesfully
00 : 40 : 23 - (DEBUG) :   Building SSL context
00 : 40 : 23 - (DEBUG) :   Switching to SSL
00 : 40 : 23 - (DEBUG) :   SSL has been enabled
00 : 40 : 23 - (DEBUG) :   Starting authorization phase
00 : 40 : 23 - (DEBUG) :   The provided initial strategy is caching_sha2_password
00 : 40 : 23 - (DEBUG) :   Exchanging further packets
00 : 40 : 23 - (DEBUG) :   caching_sha2_password completed succesfully
00 : 41 : 17 - (DEBUG) :   Building SSL context
00 : 41 : 17 - (DEBUG) :   Switching to SSL
00 : 41 : 17 - (DEBUG) :   SSL has been enabled
00 : 41 : 17 - (DEBUG) :   Starting authorization phase
00 : 41 : 17 - (DEBUG) :   The provided initial strategy is caching_sha2_password
00 : 41 : 17 - (INFO) :   package: mysql.connector.plugins
00 : 41 : 17 - (INFO) :   plugin_name: caching_sha2_password
00 : 41 : 17 - (INFO) :   AUTHENTICATION_PLUGIN_CLASS: MySQLCachingSHA2PasswordAuthPlugin
00 : 41 : 17 - (DEBUG) :   Exchanging further packets
00 : 41 : 17 - (DEBUG) :   caching_sha2_password completed succesfully
00 : 41 : 17 - (DEBUG) :   Building SSL context
00 : 41 : 17 - (DEBUG) :   Switching to SSL
00 : 41 : 17 - (DEBUG) :   SSL has been enabled
00 : 41 : 17 - (DEBUG) :   Starting authorization phase
00 : 41 : 17 - (DEBUG) :   The provided initial strategy is caching_sha2_password
00 : 41 : 17 - (DEBUG) :   Exchanging further packets
00 : 41 : 17 - (DEBUG) :   caching_sha2_password completed succesfully
00 : 41 : 45 - (DEBUG) :   Building SSL context
00 : 41 : 45 - (DEBUG) :   Switching to SSL
00 : 41 : 45 - (DEBUG) :   SSL has been enabled
00 : 41 : 45 - (DEBUG) :   Starting authorization phase
00 : 41 : 45 - (DEBUG) :   The provided initial strategy is caching_sha2_password
00 : 41 : 45 - (INFO) :   package: mysql.connector.plugins
00 : 41 : 45 - (INFO) :   plugin_name: caching_sha2_password
00 : 41 : 45 - (INFO) :   AUTHENTICATION_PLUGIN_CLASS: MySQLCachingSHA2PasswordAuthPlugin
00 : 41 : 45 - (DEBUG) :   Exchanging further packets
00 : 41 : 45 - (DEBUG) :   caching_sha2_password completed succesfully
00 : 41 : 45 - (DEBUG) :   Building SSL context
00 : 41 : 45 - (DEBUG) :   Switching to SSL
00 : 41 : 45 - (DEBUG) :   SSL has been enabled
00 : 41 : 45 - (DEBUG) :   Starting authorization phase
00 : 41 : 45 - (DEBUG) :   The provided initial strategy is caching_sha2_password
00 : 41 : 45 - (DEBUG) :   Exchanging further packets
00 : 41 : 45 - (DEBUG) :   caching_sha2_password completed succesfully
00 : 41 : 50 - (DEBUG) :   Entered  PlayerOnProperty
00 : 41 : 50 - (DEBUG) :   Entered  Rent Property
00 : 42 : 14 - (DEBUG) :   Entered  PlayerOnProperty
00 : 42 : 14 - (DEBUG) :   Entered  Rent Property
00 : 48 : 19 - (DEBUG) :   Entered  PlayerOnProperty
00 : 48 : 19 - (DEBUG) :   Entered  Rent Property
00 : 51 : 31 - (DEBUG) :   Entered  PlayerOnProperty
00 : 51 : 31 - (DEBUG) :   Entered  Rent Property
18 : 15 : 46 - (DEBUG) :   Building SSL context
18 : 15 : 46 - (DEBUG) :   Switching to SSL
18 : 15 : 46 - (DEBUG) :   SSL has been enabled
18 : 15 : 46 - (DEBUG) :   Starting authorization phase
18 : 15 : 46 - (DEBUG) :   The provided initial strategy is caching_sha2_password
18 : 15 : 46 - (INFO) :   package: mysql.connector.plugins
18 : 15 : 46 - (INFO) :   plugin_name: caching_sha2_password
18 : 15 : 46 - (INFO) :   AUTHENTICATION_PLUGIN_CLASS: MySQLCachingSHA2PasswordAuthPlugin
18 : 15 : 46 - (DEBUG) :   Exchanging further packets
18 : 15 : 46 - (DEBUG) :   caching_sha2_password completed succesfully
18 : 15 : 46 - (DEBUG) :   Building SSL context
18 : 15 : 46 - (DEBUG) :   Switching to SSL
18 : 15 : 46 - (DEBUG) :   SSL has been enabled
18 : 15 : 46 - (DEBUG) :   Starting authorization phase
18 : 15 : 46 - (DEBUG) :   The provided initial strategy is caching_sha2_password
18 : 15 : 46 - (DEBUG) :   Exchanging further packets
18 : 15 : 46 - (DEBUG) :   caching_sha2_password completed succesfully
18 : 15 : 50 - (DEBUG) :   Entered  PlayerOnProperty
18 : 15 : 50 - (DEBUG) :   Entered  Rent Property
18 : 17 : 19 - (DEBUG) :   Building SSL context
18 : 17 : 19 - (DEBUG) :   Switching to SSL
18 : 17 : 19 - (DEBUG) :   SSL has been enabled
18 : 17 : 19 - (DEBUG) :   Starting authorization phase
18 : 17 : 19 - (DEBUG) :   The provided initial strategy is caching_sha2_password
18 : 17 : 19 - (INFO) :   package: mysql.connector.plugins
18 : 17 : 19 - (INFO) :   plugin_name: caching_sha2_password
18 : 17 : 19 - (INFO) :   AUTHENTICATION_PLUGIN_CLASS: MySQLCachingSHA2PasswordAuthPlugin
18 : 17 : 19 - (DEBUG) :   Exchanging further packets
18 : 17 : 19 - (DEBUG) :   caching_sha2_password completed succesfully
18 : 17 : 19 - (DEBUG) :   Building SSL context
18 : 17 : 19 - (DEBUG) :   Switching to SSL
18 : 17 : 19 - (DEBUG) :   SSL has been enabled
18 : 17 : 19 - (DEBUG) :   Starting authorization phase
18 : 17 : 19 - (DEBUG) :   The provided initial strategy is caching_sha2_password
18 : 17 : 19 - (DEBUG) :   Exchanging further packets
18 : 17 : 19 - (DEBUG) :   caching_sha2_password completed succesfully
18 : 17 : 24 - (DEBUG) :   Entered  PlayerOnProperty
18 : 17 : 24 - (DEBUG) :   Entered  Rent Property
18 : 22 : 20 - (DEBUG) :   Entered  PlayerOnProperty
18 : 22 : 20 - (DEBUG) :   Entered  Rent Property
18 : 25 : 06 - (DEBUG) :   Entered  PlayerOnProperty
18 : 25 : 06 - (DEBUG) :   Entered  Rent Property
18 : 31 : 14 - (DEBUG) :   Entered  PlayerOnProperty
18 : 31 : 14 - (DEBUG) :   Entered  Rent Property
22 : 29 : 01 - (DEBUG) :   Building SSL context
22 : 29 : 01 - (DEBUG) :   Switching to SSL
22 : 29 : 01 - (DEBUG) :   SSL has been enabled
22 : 29 : 01 - (DEBUG) :   Starting authorization phase
22 : 29 : 01 - (DEBUG) :   The provided initial strategy is caching_sha2_password
22 : 29 : 01 - (INFO) :   package: mysql.connector.plugins
22 : 29 : 01 - (INFO) :   plugin_name: caching_sha2_password
22 : 29 : 01 - (INFO) :   AUTHENTICATION_PLUGIN_CLASS: MySQLCachingSHA2PasswordAuthPlugin
22 : 29 : 01 - (DEBUG) :   Exchanging further packets
22 : 29 : 01 - (DEBUG) :   caching_sha2_password completed succesfully
22 : 29 : 01 - (DEBUG) :   Building SSL context
22 : 29 : 01 - (DEBUG) :   Switching to SSL
22 : 29 : 01 - (DEBUG) :   SSL has been enabled
22 : 29 : 01 - (DEBUG) :   Starting authorization phase
22 : 29 : 01 - (DEBUG) :   The provided initial strategy is caching_sha2_password
22 : 29 : 01 - (DEBUG) :   Exchanging further packets
22 : 29 : 01 - (DEBUG) :   caching_sha2_password completed succesfully
22 : 29 : 01 - (DEBUG) :   Building SSL context
22 : 29 : 01 - (DEBUG) :   Switching to SSL
22 : 29 : 01 - (DEBUG) :   SSL has been enabled
22 : 29 : 01 - (DEBUG) :   Starting authorization phase
22 : 29 : 01 - (DEBUG) :   The provided initial strategy is caching_sha2_password
22 : 29 : 01 - (DEBUG) :   Exchanging further packets
22 : 29 : 01 - (DEBUG) :   caching_sha2_password completed succesfully
22 : 30 : 05 - (DEBUG) :   Building SSL context
22 : 30 : 05 - (DEBUG) :   Switching to SSL
22 : 30 : 05 - (DEBUG) :   SSL has been enabled
22 : 30 : 05 - (DEBUG) :   Starting authorization phase
22 : 30 : 05 - (DEBUG) :   The provided initial strategy is caching_sha2_password
22 : 30 : 05 - (INFO) :   package: mysql.connector.plugins
22 : 30 : 05 - (INFO) :   plugin_name: caching_sha2_password
22 : 30 : 05 - (INFO) :   AUTHENTICATION_PLUGIN_CLASS: MySQLCachingSHA2PasswordAuthPlugin
22 : 30 : 05 - (DEBUG) :   Exchanging further packets
22 : 30 : 05 - (DEBUG) :   caching_sha2_password completed succesfully
22 : 30 : 05 - (DEBUG) :   Building SSL context
22 : 30 : 05 - (DEBUG) :   Switching to SSL
22 : 30 : 05 - (DEBUG) :   SSL has been enabled
22 : 30 : 05 - (DEBUG) :   Starting authorization phase
22 : 30 : 05 - (DEBUG) :   The provided initial strategy is caching_sha2_password
22 : 30 : 05 - (DEBUG) :   Exchanging further packets
22 : 30 : 05 - (DEBUG) :   caching_sha2_password completed succesfully
22 : 30 : 05 - (DEBUG) :   Building SSL context
22 : 30 : 05 - (DEBUG) :   Switching to SSL
22 : 30 : 05 - (DEBUG) :   SSL has been enabled
22 : 30 : 05 - (DEBUG) :   Starting authorization phase
22 : 30 : 05 - (DEBUG) :   The provided initial strategy is caching_sha2_password
22 : 30 : 05 - (DEBUG) :   Exchanging further packets
22 : 30 : 05 - (DEBUG) :   caching_sha2_password completed succesfully
22 : 31 : 13 - (DEBUG) :   Building SSL context
22 : 31 : 13 - (DEBUG) :   Switching to SSL
22 : 31 : 13 - (DEBUG) :   SSL has been enabled
22 : 31 : 13 - (DEBUG) :   Starting authorization phase
22 : 31 : 13 - (DEBUG) :   The provided initial strategy is caching_sha2_password
22 : 31 : 13 - (INFO) :   package: mysql.connector.plugins
22 : 31 : 13 - (INFO) :   plugin_name: caching_sha2_password
22 : 31 : 13 - (INFO) :   AUTHENTICATION_PLUGIN_CLASS: MySQLCachingSHA2PasswordAuthPlugin
22 : 31 : 13 - (DEBUG) :   Exchanging further packets
22 : 31 : 13 - (DEBUG) :   caching_sha2_password completed succesfully
22 : 31 : 13 - (DEBUG) :   Building SSL context
22 : 31 : 13 - (DEBUG) :   Switching to SSL
22 : 31 : 13 - (DEBUG) :   SSL has been enabled
22 : 31 : 13 - (DEBUG) :   Starting authorization phase
22 : 31 : 13 - (DEBUG) :   The provided initial strategy is caching_sha2_password
22 : 31 : 13 - (DEBUG) :   Exchanging further packets
22 : 31 : 13 - (DEBUG) :   caching_sha2_password completed succesfully
22 : 31 : 13 - (DEBUG) :   Building SSL context
22 : 31 : 13 - (DEBUG) :   Switching to SSL
22 : 31 : 13 - (DEBUG) :   SSL has been enabled
22 : 31 : 13 - (DEBUG) :   Starting authorization phase
22 : 31 : 13 - (DEBUG) :   The provided initial strategy is caching_sha2_password
22 : 31 : 13 - (DEBUG) :   Exchanging further packets
22 : 31 : 13 - (DEBUG) :   caching_sha2_password completed succesfully
22 : 36 : 29 - (DEBUG) :   Building SSL context
22 : 36 : 29 - (DEBUG) :   Switching to SSL
22 : 36 : 29 - (DEBUG) :   SSL has been enabled
22 : 36 : 29 - (DEBUG) :   Starting authorization phase
22 : 36 : 29 - (DEBUG) :   The provided initial strategy is caching_sha2_password
22 : 36 : 29 - (INFO) :   package: mysql.connector.plugins
22 : 36 : 29 - (INFO) :   plugin_name: caching_sha2_password
22 : 36 : 29 - (INFO) :   AUTHENTICATION_PLUGIN_CLASS: MySQLCachingSHA2PasswordAuthPlugin
22 : 36 : 29 - (DEBUG) :   Exchanging further packets
22 : 36 : 29 - (DEBUG) :   caching_sha2_password completed succesfully
22 : 36 : 30 - (DEBUG) :   Building SSL context
22 : 36 : 30 - (DEBUG) :   Switching to SSL
22 : 36 : 30 - (DEBUG) :   SSL has been enabled
22 : 36 : 30 - (DEBUG) :   Starting authorization phase
22 : 36 : 30 - (DEBUG) :   The provided initial strategy is caching_sha2_password
22 : 36 : 30 - (DEBUG) :   Exchanging further packets
22 : 36 : 30 - (DEBUG) :   caching_sha2_password completed succesfully
22 : 36 : 30 - (DEBUG) :   Building SSL context
22 : 36 : 30 - (DEBUG) :   Switching to SSL
22 : 36 : 30 - (DEBUG) :   SSL has been enabled
22 : 36 : 30 - (DEBUG) :   Starting authorization phase
22 : 36 : 30 - (DEBUG) :   The provided initial strategy is caching_sha2_password
22 : 36 : 30 - (DEBUG) :   Exchanging further packets
22 : 36 : 30 - (DEBUG) :   caching_sha2_password completed succesfully
22 : 36 : 52 - (DEBUG) :   Building SSL context
22 : 36 : 52 - (DEBUG) :   Switching to SSL
22 : 36 : 52 - (DEBUG) :   SSL has been enabled
22 : 36 : 52 - (DEBUG) :   Starting authorization phase
22 : 36 : 52 - (DEBUG) :   The provided initial strategy is caching_sha2_password
22 : 36 : 52 - (INFO) :   package: mysql.connector.plugins
22 : 36 : 52 - (INFO) :   plugin_name: caching_sha2_password
22 : 36 : 52 - (INFO) :   AUTHENTICATION_PLUGIN_CLASS: MySQLCachingSHA2PasswordAuthPlugin
22 : 36 : 52 - (DEBUG) :   Exchanging further packets
22 : 36 : 52 - (DEBUG) :   caching_sha2_password completed succesfully
22 : 36 : 52 - (DEBUG) :   Building SSL context
22 : 36 : 52 - (DEBUG) :   Switching to SSL
22 : 36 : 52 - (DEBUG) :   SSL has been enabled
22 : 36 : 52 - (DEBUG) :   Starting authorization phase
22 : 36 : 52 - (DEBUG) :   The provided initial strategy is caching_sha2_password
22 : 36 : 52 - (DEBUG) :   Exchanging further packets
22 : 36 : 52 - (DEBUG) :   caching_sha2_password completed succesfully
22 : 36 : 52 - (DEBUG) :   Building SSL context
22 : 36 : 52 - (DEBUG) :   Switching to SSL
22 : 36 : 52 - (DEBUG) :   SSL has been enabled
22 : 36 : 52 - (DEBUG) :   Starting authorization phase
22 : 36 : 52 - (DEBUG) :   The provided initial strategy is caching_sha2_password
22 : 36 : 52 - (DEBUG) :   Exchanging further packets
22 : 36 : 52 - (DEBUG) :   caching_sha2_password completed succesfully
22 : 37 : 11 - (DEBUG) :   Entered  PlayerOnProperty
22 : 37 : 11 - (DEBUG) :   Entered Buy Property
22 : 39 : 34 - (DEBUG) :   Building SSL context
22 : 39 : 34 - (DEBUG) :   Switching to SSL
22 : 39 : 34 - (DEBUG) :   SSL has been enabled
22 : 39 : 34 - (DEBUG) :   Starting authorization phase
22 : 39 : 34 - (DEBUG) :   The provided initial strategy is caching_sha2_password
22 : 39 : 34 - (INFO) :   package: mysql.connector.plugins
22 : 39 : 34 - (INFO) :   plugin_name: caching_sha2_password
22 : 39 : 34 - (INFO) :   AUTHENTICATION_PLUGIN_CLASS: MySQLCachingSHA2PasswordAuthPlugin
22 : 39 : 34 - (DEBUG) :   Exchanging further packets
22 : 39 : 34 - (DEBUG) :   caching_sha2_password completed succesfully
22 : 39 : 34 - (DEBUG) :   Building SSL context
22 : 39 : 34 - (DEBUG) :   Switching to SSL
22 : 39 : 34 - (DEBUG) :   SSL has been enabled
22 : 39 : 34 - (DEBUG) :   Starting authorization phase
22 : 39 : 34 - (DEBUG) :   The provided initial strategy is caching_sha2_password
22 : 39 : 34 - (DEBUG) :   Exchanging further packets
22 : 39 : 34 - (DEBUG) :   caching_sha2_password completed succesfully
22 : 39 : 34 - (DEBUG) :   Building SSL context
22 : 39 : 34 - (DEBUG) :   Switching to SSL
22 : 39 : 34 - (DEBUG) :   SSL has been enabled
22 : 39 : 34 - (DEBUG) :   Starting authorization phase
22 : 39 : 34 - (DEBUG) :   The provided initial strategy is caching_sha2_password
22 : 39 : 34 - (DEBUG) :   Exchanging further packets
22 : 39 : 34 - (DEBUG) :   caching_sha2_password completed succesfully
22 : 39 : 43 - (DEBUG) :   Entered  PlayerOnProperty
22 : 39 : 43 - (DEBUG) :   Entered Buy Property
22 : 41 : 09 - (DEBUG) :   Building SSL context
22 : 41 : 09 - (DEBUG) :   Switching to SSL
22 : 41 : 09 - (DEBUG) :   SSL has been enabled
22 : 41 : 09 - (DEBUG) :   Starting authorization phase
22 : 41 : 09 - (DEBUG) :   The provided initial strategy is caching_sha2_password
22 : 41 : 09 - (INFO) :   package: mysql.connector.plugins
22 : 41 : 09 - (INFO) :   plugin_name: caching_sha2_password
22 : 41 : 09 - (INFO) :   AUTHENTICATION_PLUGIN_CLASS: MySQLCachingSHA2PasswordAuthPlugin
22 : 41 : 09 - (DEBUG) :   Exchanging further packets
22 : 41 : 09 - (DEBUG) :   caching_sha2_password completed succesfully
22 : 41 : 09 - (DEBUG) :   Building SSL context
22 : 41 : 09 - (DEBUG) :   Switching to SSL
22 : 41 : 09 - (DEBUG) :   SSL has been enabled
22 : 41 : 09 - (DEBUG) :   Starting authorization phase
22 : 41 : 09 - (DEBUG) :   The provided initial strategy is caching_sha2_password
22 : 41 : 09 - (DEBUG) :   Exchanging further packets
22 : 41 : 09 - (DEBUG) :   caching_sha2_password completed succesfully
22 : 41 : 09 - (DEBUG) :   Building SSL context
22 : 41 : 09 - (DEBUG) :   Switching to SSL
22 : 41 : 09 - (DEBUG) :   SSL has been enabled
22 : 41 : 09 - (DEBUG) :   Starting authorization phase
22 : 41 : 09 - (DEBUG) :   The provided initial strategy is caching_sha2_password
22 : 41 : 09 - (DEBUG) :   Exchanging further packets
22 : 41 : 09 - (DEBUG) :   caching_sha2_password completed succesfully
22 : 41 : 17 - (DEBUG) :   Entered  PlayerOnProperty
22 : 41 : 17 - (DEBUG) :   Entered Buy Property
22 : 42 : 25 - (DEBUG) :   Building SSL context
22 : 42 : 25 - (DEBUG) :   Switching to SSL
22 : 42 : 25 - (DEBUG) :   SSL has been enabled
22 : 42 : 25 - (DEBUG) :   Starting authorization phase
22 : 42 : 25 - (DEBUG) :   The provided initial strategy is caching_sha2_password
22 : 42 : 25 - (INFO) :   package: mysql.connector.plugins
22 : 42 : 25 - (INFO) :   plugin_name: caching_sha2_password
22 : 42 : 25 - (INFO) :   AUTHENTICATION_PLUGIN_CLASS: MySQLCachingSHA2PasswordAuthPlugin
22 : 42 : 25 - (DEBUG) :   Exchanging further packets
22 : 42 : 25 - (DEBUG) :   caching_sha2_password completed succesfully
22 : 42 : 25 - (DEBUG) :   Building SSL context
22 : 42 : 25 - (DEBUG) :   Switching to SSL
22 : 42 : 25 - (DEBUG) :   SSL has been enabled
22 : 42 : 25 - (DEBUG) :   Starting authorization phase
22 : 42 : 25 - (DEBUG) :   The provided initial strategy is caching_sha2_password
22 : 42 : 25 - (DEBUG) :   Exchanging further packets
22 : 42 : 25 - (DEBUG) :   caching_sha2_password completed succesfully
22 : 42 : 25 - (DEBUG) :   Building SSL context
22 : 42 : 25 - (DEBUG) :   Switching to SSL
22 : 42 : 25 - (DEBUG) :   SSL has been enabled
22 : 42 : 25 - (DEBUG) :   Starting authorization phase
22 : 42 : 25 - (DEBUG) :   The provided initial strategy is caching_sha2_password
22 : 42 : 25 - (DEBUG) :   Exchanging further packets
22 : 42 : 25 - (DEBUG) :   caching_sha2_password completed succesfully
22 : 42 : 34 - (DEBUG) :   Entered  PlayerOnProperty
22 : 42 : 34 - (DEBUG) :   Entered Buy Property
22 : 47 : 34 - (DEBUG) :   Building SSL context
22 : 47 : 34 - (DEBUG) :   Switching to SSL
22 : 47 : 34 - (DEBUG) :   SSL has been enabled
22 : 47 : 34 - (DEBUG) :   Starting authorization phase
22 : 47 : 34 - (DEBUG) :   The provided initial strategy is caching_sha2_password
22 : 47 : 34 - (INFO) :   package: mysql.connector.plugins
22 : 47 : 34 - (INFO) :   plugin_name: caching_sha2_password
22 : 47 : 34 - (INFO) :   AUTHENTICATION_PLUGIN_CLASS: MySQLCachingSHA2PasswordAuthPlugin
22 : 47 : 34 - (DEBUG) :   Exchanging further packets
22 : 47 : 34 - (DEBUG) :   caching_sha2_password completed succesfully
22 : 47 : 34 - (DEBUG) :   Building SSL context
22 : 47 : 34 - (DEBUG) :   Switching to SSL
22 : 47 : 34 - (DEBUG) :   SSL has been enabled
22 : 47 : 34 - (DEBUG) :   Starting authorization phase
22 : 47 : 34 - (DEBUG) :   The provided initial strategy is caching_sha2_password
22 : 47 : 34 - (DEBUG) :   Exchanging further packets
22 : 47 : 34 - (DEBUG) :   caching_sha2_password completed succesfully
22 : 47 : 34 - (DEBUG) :   Building SSL context
22 : 47 : 34 - (DEBUG) :   Switching to SSL
22 : 47 : 34 - (DEBUG) :   SSL has been enabled
22 : 47 : 34 - (DEBUG) :   Starting authorization phase
22 : 47 : 34 - (DEBUG) :   The provided initial strategy is caching_sha2_password
22 : 47 : 34 - (DEBUG) :   Exchanging further packets
22 : 47 : 34 - (DEBUG) :   caching_sha2_password completed succesfully
22 : 48 : 01 - (DEBUG) :   Entered  PlayerOnProperty
22 : 48 : 01 - (DEBUG) :   Entered Buy Property
22 : 48 : 55 - (DEBUG) :   Building SSL context
22 : 48 : 55 - (DEBUG) :   Switching to SSL
22 : 48 : 55 - (DEBUG) :   SSL has been enabled
22 : 48 : 55 - (DEBUG) :   Starting authorization phase
22 : 48 : 55 - (DEBUG) :   The provided initial strategy is caching_sha2_password
22 : 48 : 55 - (INFO) :   package: mysql.connector.plugins
22 : 48 : 55 - (INFO) :   plugin_name: caching_sha2_password
22 : 48 : 55 - (INFO) :   AUTHENTICATION_PLUGIN_CLASS: MySQLCachingSHA2PasswordAuthPlugin
22 : 48 : 55 - (DEBUG) :   Exchanging further packets
22 : 48 : 55 - (DEBUG) :   caching_sha2_password completed succesfully
22 : 48 : 56 - (DEBUG) :   Building SSL context
22 : 48 : 56 - (DEBUG) :   Switching to SSL
22 : 48 : 56 - (DEBUG) :   SSL has been enabled
22 : 48 : 56 - (DEBUG) :   Starting authorization phase
22 : 48 : 56 - (DEBUG) :   The provided initial strategy is caching_sha2_password
22 : 48 : 56 - (DEBUG) :   Exchanging further packets
22 : 48 : 56 - (DEBUG) :   caching_sha2_password completed succesfully
22 : 48 : 56 - (DEBUG) :   Building SSL context
22 : 48 : 56 - (DEBUG) :   Switching to SSL
22 : 48 : 56 - (DEBUG) :   SSL has been enabled
22 : 48 : 56 - (DEBUG) :   Starting authorization phase
22 : 48 : 56 - (DEBUG) :   The provided initial strategy is caching_sha2_password
22 : 48 : 56 - (DEBUG) :   Exchanging further packets
22 : 48 : 56 - (DEBUG) :   caching_sha2_password completed succesfully
22 : 49 : 04 - (DEBUG) :   Entered  PlayerOnProperty
22 : 49 : 04 - (DEBUG) :   Entered Buy Property
22 : 51 : 00 - (DEBUG) :   Building SSL context
22 : 51 : 00 - (DEBUG) :   Switching to SSL
22 : 51 : 00 - (DEBUG) :   SSL has been enabled
22 : 51 : 00 - (DEBUG) :   Starting authorization phase
22 : 51 : 00 - (DEBUG) :   The provided initial strategy is caching_sha2_password
22 : 51 : 00 - (INFO) :   package: mysql.connector.plugins
22 : 51 : 00 - (INFO) :   plugin_name: caching_sha2_password
22 : 51 : 00 - (INFO) :   AUTHENTICATION_PLUGIN_CLASS: MySQLCachingSHA2PasswordAuthPlugin
22 : 51 : 00 - (DEBUG) :   Exchanging further packets
22 : 51 : 00 - (DEBUG) :   caching_sha2_password completed succesfully
22 : 51 : 00 - (DEBUG) :   Building SSL context
22 : 51 : 00 - (DEBUG) :   Switching to SSL
22 : 51 : 00 - (DEBUG) :   SSL has been enabled
22 : 51 : 00 - (DEBUG) :   Starting authorization phase
22 : 51 : 00 - (DEBUG) :   The provided initial strategy is caching_sha2_password
22 : 51 : 00 - (DEBUG) :   Exchanging further packets
22 : 51 : 00 - (DEBUG) :   caching_sha2_password completed succesfully
22 : 51 : 00 - (DEBUG) :   Building SSL context
22 : 51 : 00 - (DEBUG) :   Switching to SSL
22 : 51 : 00 - (DEBUG) :   SSL has been enabled
22 : 51 : 00 - (DEBUG) :   Starting authorization phase
22 : 51 : 00 - (DEBUG) :   The provided initial strategy is caching_sha2_password
22 : 51 : 00 - (DEBUG) :   Exchanging further packets
22 : 51 : 00 - (DEBUG) :   caching_sha2_password completed succesfully
22 : 51 : 10 - (DEBUG) :   Entered  PlayerOnProperty
22 : 51 : 10 - (DEBUG) :   Entered Buy Property
22 : 51 : 10 - (DEBUG) :   Property Bought Successfully
22 : 56 : 00 - (DEBUG) :   Entered  PlayerOnProperty
22 : 56 : 00 - (DEBUG) :   Entered  Rent Property
22 : 56 : 00 - (DEBUG) :   Rent has been payed
22 : 58 : 01 - (DEBUG) :   Building SSL context
22 : 58 : 01 - (DEBUG) :   Switching to SSL
22 : 58 : 01 - (DEBUG) :   SSL has been enabled
22 : 58 : 01 - (DEBUG) :   Starting authorization phase
22 : 58 : 01 - (DEBUG) :   The provided initial strategy is caching_sha2_password
22 : 58 : 01 - (INFO) :   package: mysql.connector.plugins
22 : 58 : 01 - (INFO) :   plugin_name: caching_sha2_password
22 : 58 : 01 - (INFO) :   AUTHENTICATION_PLUGIN_CLASS: MySQLCachingSHA2PasswordAuthPlugin
22 : 58 : 01 - (DEBUG) :   Exchanging further packets
22 : 58 : 01 - (DEBUG) :   caching_sha2_password completed succesfully
22 : 58 : 01 - (DEBUG) :   Building SSL context
22 : 58 : 01 - (DEBUG) :   Switching to SSL
22 : 58 : 01 - (DEBUG) :   SSL has been enabled
22 : 58 : 01 - (DEBUG) :   Starting authorization phase
22 : 58 : 01 - (DEBUG) :   The provided initial strategy is caching_sha2_password
22 : 58 : 01 - (DEBUG) :   Exchanging further packets
22 : 58 : 01 - (DEBUG) :   caching_sha2_password completed succesfully
22 : 58 : 01 - (DEBUG) :   Building SSL context
22 : 58 : 01 - (DEBUG) :   Switching to SSL
22 : 58 : 01 - (DEBUG) :   SSL has been enabled
22 : 58 : 01 - (DEBUG) :   Starting authorization phase
22 : 58 : 01 - (DEBUG) :   The provided initial strategy is caching_sha2_password
22 : 58 : 01 - (DEBUG) :   Exchanging further packets
22 : 58 : 01 - (DEBUG) :   caching_sha2_password completed succesfully
22 : 58 : 13 - (DEBUG) :   Entered  PlayerOnProperty
22 : 58 : 13 - (DEBUG) :   Entered  Rent Property
22 : 58 : 13 - (DEBUG) :   Rent has been payed
22 : 59 : 14 - (DEBUG) :   Building SSL context
22 : 59 : 14 - (DEBUG) :   Switching to SSL
22 : 59 : 14 - (DEBUG) :   SSL has been enabled
22 : 59 : 14 - (DEBUG) :   Starting authorization phase
22 : 59 : 14 - (DEBUG) :   The provided initial strategy is caching_sha2_password
22 : 59 : 14 - (INFO) :   package: mysql.connector.plugins
22 : 59 : 14 - (INFO) :   plugin_name: caching_sha2_password
22 : 59 : 14 - (INFO) :   AUTHENTICATION_PLUGIN_CLASS: MySQLCachingSHA2PasswordAuthPlugin
22 : 59 : 14 - (DEBUG) :   Exchanging further packets
22 : 59 : 14 - (DEBUG) :   caching_sha2_password completed succesfully
22 : 59 : 14 - (DEBUG) :   Building SSL context
22 : 59 : 15 - (DEBUG) :   Switching to SSL
22 : 59 : 15 - (DEBUG) :   SSL has been enabled
22 : 59 : 15 - (DEBUG) :   Starting authorization phase
22 : 59 : 15 - (DEBUG) :   The provided initial strategy is caching_sha2_password
22 : 59 : 15 - (DEBUG) :   Exchanging further packets
22 : 59 : 15 - (DEBUG) :   caching_sha2_password completed succesfully
22 : 59 : 15 - (DEBUG) :   Building SSL context
22 : 59 : 15 - (DEBUG) :   Switching to SSL
22 : 59 : 15 - (DEBUG) :   SSL has been enabled
22 : 59 : 15 - (DEBUG) :   Starting authorization phase
22 : 59 : 15 - (DEBUG) :   The provided initial strategy is caching_sha2_password
22 : 59 : 15 - (DEBUG) :   Exchanging further packets
22 : 59 : 15 - (DEBUG) :   caching_sha2_password completed succesfully
22 : 59 : 21 - (DEBUG) :   Entered  PlayerOnProperty
22 : 59 : 21 - (DEBUG) :   Entered  Rent Property
22 : 59 : 21 - (DEBUG) :   Rent has been payed
22 : 59 : 54 - (ERROR) :    Invalid action
23 : 02 : 50 - (DEBUG) :   Building SSL context
23 : 02 : 50 - (DEBUG) :   Switching to SSL
23 : 02 : 50 - (DEBUG) :   SSL has been enabled
23 : 02 : 50 - (DEBUG) :   Starting authorization phase
23 : 02 : 50 - (DEBUG) :   The provided initial strategy is caching_sha2_password
23 : 02 : 50 - (INFO) :   package: mysql.connector.plugins
23 : 02 : 50 - (INFO) :   plugin_name: caching_sha2_password
23 : 02 : 50 - (INFO) :   AUTHENTICATION_PLUGIN_CLASS: MySQLCachingSHA2PasswordAuthPlugin
23 : 02 : 50 - (DEBUG) :   Exchanging further packets
23 : 02 : 50 - (DEBUG) :   caching_sha2_password completed succesfully
23 : 02 : 50 - (DEBUG) :   Building SSL context
23 : 02 : 50 - (DEBUG) :   Switching to SSL
23 : 02 : 50 - (DEBUG) :   SSL has been enabled
23 : 02 : 50 - (DEBUG) :   Starting authorization phase
23 : 02 : 50 - (DEBUG) :   The provided initial strategy is caching_sha2_password
23 : 02 : 50 - (DEBUG) :   Exchanging further packets
23 : 02 : 50 - (DEBUG) :   caching_sha2_password completed succesfully
23 : 02 : 50 - (DEBUG) :   Building SSL context
23 : 02 : 50 - (DEBUG) :   Switching to SSL
23 : 02 : 50 - (DEBUG) :   SSL has been enabled
23 : 02 : 50 - (DEBUG) :   Starting authorization phase
23 : 02 : 50 - (DEBUG) :   The provided initial strategy is caching_sha2_password
23 : 02 : 50 - (DEBUG) :   Exchanging further packets
23 : 02 : 50 - (DEBUG) :   caching_sha2_password completed succesfully
23 : 03 : 09 - (DEBUG) :   Building SSL context
23 : 03 : 09 - (DEBUG) :   Switching to SSL
23 : 03 : 09 - (DEBUG) :   SSL has been enabled
23 : 03 : 09 - (DEBUG) :   Starting authorization phase
23 : 03 : 09 - (DEBUG) :   The provided initial strategy is caching_sha2_password
23 : 03 : 09 - (INFO) :   package: mysql.connector.plugins
23 : 03 : 09 - (INFO) :   plugin_name: caching_sha2_password
23 : 03 : 09 - (INFO) :   AUTHENTICATION_PLUGIN_CLASS: MySQLCachingSHA2PasswordAuthPlugin
23 : 03 : 09 - (DEBUG) :   Exchanging further packets
23 : 03 : 09 - (DEBUG) :   caching_sha2_password completed succesfully
23 : 03 : 09 - (DEBUG) :   Building SSL context
23 : 03 : 09 - (DEBUG) :   Switching to SSL
23 : 03 : 09 - (DEBUG) :   SSL has been enabled
23 : 03 : 09 - (DEBUG) :   Starting authorization phase
23 : 03 : 09 - (DEBUG) :   The provided initial strategy is caching_sha2_password
23 : 03 : 09 - (DEBUG) :   Exchanging further packets
23 : 03 : 09 - (DEBUG) :   caching_sha2_password completed succesfully
23 : 03 : 09 - (DEBUG) :   Building SSL context
23 : 03 : 09 - (DEBUG) :   Switching to SSL
23 : 03 : 09 - (DEBUG) :   SSL has been enabled
23 : 03 : 09 - (DEBUG) :   Starting authorization phase
23 : 03 : 09 - (DEBUG) :   The provided initial strategy is caching_sha2_password
23 : 03 : 09 - (DEBUG) :   Exchanging further packets
23 : 03 : 09 - (DEBUG) :   caching_sha2_password completed succesfully
23 : 03 : 14 - (ERROR) :    Invalid action
23 : 04 : 04 - (DEBUG) :   Building SSL context
23 : 04 : 04 - (DEBUG) :   Switching to SSL
23 : 04 : 04 - (DEBUG) :   SSL has been enabled
23 : 04 : 04 - (DEBUG) :   Starting authorization phase
23 : 04 : 04 - (DEBUG) :   The provided initial strategy is caching_sha2_password
23 : 04 : 04 - (INFO) :   package: mysql.connector.plugins
23 : 04 : 04 - (INFO) :   plugin_name: caching_sha2_password
23 : 04 : 04 - (INFO) :   AUTHENTICATION_PLUGIN_CLASS: MySQLCachingSHA2PasswordAuthPlugin
23 : 04 : 04 - (DEBUG) :   Exchanging further packets
23 : 04 : 04 - (DEBUG) :   caching_sha2_password completed succesfully
23 : 04 : 04 - (DEBUG) :   Building SSL context
23 : 04 : 04 - (DEBUG) :   Switching to SSL
23 : 04 : 04 - (DEBUG) :   SSL has been enabled
23 : 04 : 04 - (DEBUG) :   Starting authorization phase
23 : 04 : 04 - (DEBUG) :   The provided initial strategy is caching_sha2_password
23 : 04 : 04 - (DEBUG) :   Exchanging further packets
23 : 04 : 04 - (DEBUG) :   caching_sha2_password completed succesfully
23 : 04 : 04 - (DEBUG) :   Building SSL context
23 : 04 : 04 - (DEBUG) :   Switching to SSL
23 : 04 : 04 - (DEBUG) :   SSL has been enabled
23 : 04 : 04 - (DEBUG) :   Starting authorization phase
23 : 04 : 04 - (DEBUG) :   The provided initial strategy is caching_sha2_password
23 : 04 : 04 - (DEBUG) :   Exchanging further packets
23 : 04 : 04 - (DEBUG) :   caching_sha2_password completed succesfully
23 : 04 : 22 - (DEBUG) :   Building SSL context
23 : 04 : 22 - (DEBUG) :   Switching to SSL
23 : 04 : 22 - (DEBUG) :   SSL has been enabled
23 : 04 : 22 - (DEBUG) :   Starting authorization phase
23 : 04 : 22 - (DEBUG) :   The provided initial strategy is caching_sha2_password
23 : 04 : 22 - (INFO) :   package: mysql.connector.plugins
23 : 04 : 22 - (INFO) :   plugin_name: caching_sha2_password
23 : 04 : 22 - (INFO) :   AUTHENTICATION_PLUGIN_CLASS: MySQLCachingSHA2PasswordAuthPlugin
23 : 04 : 22 - (DEBUG) :   Exchanging further packets
23 : 04 : 22 - (DEBUG) :   caching_sha2_password completed succesfully
23 : 04 : 22 - (DEBUG) :   Building SSL context
23 : 04 : 22 - (DEBUG) :   Switching to SSL
23 : 04 : 22 - (DEBUG) :   SSL has been enabled
23 : 04 : 22 - (DEBUG) :   Starting authorization phase
23 : 04 : 22 - (DEBUG) :   The provided initial strategy is caching_sha2_password
23 : 04 : 22 - (DEBUG) :   Exchanging further packets
23 : 04 : 22 - (DEBUG) :   caching_sha2_password completed succesfully
23 : 04 : 22 - (DEBUG) :   Building SSL context
23 : 04 : 22 - (DEBUG) :   Switching to SSL
23 : 04 : 22 - (DEBUG) :   SSL has been enabled
23 : 04 : 22 - (DEBUG) :   Starting authorization phase
23 : 04 : 22 - (DEBUG) :   The provided initial strategy is caching_sha2_password
23 : 04 : 22 - (DEBUG) :   Exchanging further packets
23 : 04 : 22 - (DEBUG) :   caching_sha2_password completed succesfully
23 : 04 : 26 - (ERROR) :    Invalid action
23 : 04 : 47 - (DEBUG) :   Building SSL context
23 : 04 : 48 - (DEBUG) :   Switching to SSL
23 : 04 : 48 - (DEBUG) :   SSL has been enabled
23 : 04 : 48 - (DEBUG) :   Starting authorization phase
23 : 04 : 48 - (DEBUG) :   The provided initial strategy is caching_sha2_password
23 : 04 : 48 - (INFO) :   package: mysql.connector.plugins
23 : 04 : 48 - (INFO) :   plugin_name: caching_sha2_password
23 : 04 : 48 - (INFO) :   AUTHENTICATION_PLUGIN_CLASS: MySQLCachingSHA2PasswordAuthPlugin
23 : 04 : 48 - (DEBUG) :   Exchanging further packets
23 : 04 : 48 - (DEBUG) :   caching_sha2_password completed succesfully
23 : 04 : 57 - (DEBUG) :   Building SSL context
23 : 04 : 57 - (DEBUG) :   Switching to SSL
23 : 04 : 57 - (DEBUG) :   SSL has been enabled
23 : 04 : 57 - (DEBUG) :   Starting authorization phase
23 : 04 : 57 - (DEBUG) :   The provided initial strategy is caching_sha2_password
23 : 04 : 57 - (INFO) :   package: mysql.connector.plugins
23 : 04 : 57 - (INFO) :   plugin_name: caching_sha2_password
23 : 04 : 57 - (INFO) :   AUTHENTICATION_PLUGIN_CLASS: MySQLCachingSHA2PasswordAuthPlugin
23 : 04 : 57 - (DEBUG) :   Exchanging further packets
23 : 04 : 57 - (DEBUG) :   caching_sha2_password completed succesfully
23 : 04 : 57 - (DEBUG) :   Building SSL context
23 : 04 : 57 - (DEBUG) :   Switching to SSL
23 : 04 : 57 - (DEBUG) :   SSL has been enabled
23 : 04 : 57 - (DEBUG) :   Starting authorization phase
23 : 04 : 57 - (DEBUG) :   The provided initial strategy is caching_sha2_password
23 : 04 : 57 - (DEBUG) :   Exchanging further packets
23 : 04 : 57 - (DEBUG) :   caching_sha2_password completed succesfully
23 : 04 : 57 - (DEBUG) :   Building SSL context
23 : 04 : 57 - (DEBUG) :   Switching to SSL
23 : 04 : 57 - (DEBUG) :   SSL has been enabled
23 : 04 : 57 - (DEBUG) :   Starting authorization phase
23 : 04 : 57 - (DEBUG) :   The provided initial strategy is caching_sha2_password
23 : 04 : 57 - (DEBUG) :   Exchanging further packets
23 : 04 : 57 - (DEBUG) :   caching_sha2_password completed succesfully
23 : 05 : 02 - (ERROR) :    Invalid action
23 : 05 : 18 - (DEBUG) :   Building SSL context
23 : 05 : 18 - (DEBUG) :   Switching to SSL
23 : 05 : 18 - (DEBUG) :   SSL has been enabled
23 : 05 : 18 - (DEBUG) :   Starting authorization phase
23 : 05 : 18 - (DEBUG) :   The provided initial strategy is caching_sha2_password
23 : 05 : 18 - (INFO) :   package: mysql.connector.plugins
23 : 05 : 18 - (INFO) :   plugin_name: caching_sha2_password
23 : 05 : 18 - (INFO) :   AUTHENTICATION_PLUGIN_CLASS: MySQLCachingSHA2PasswordAuthPlugin
23 : 05 : 18 - (DEBUG) :   Exchanging further packets
23 : 05 : 18 - (DEBUG) :   caching_sha2_password completed succesfully
23 : 05 : 19 - (DEBUG) :   Building SSL context
23 : 05 : 19 - (DEBUG) :   Switching to SSL
23 : 05 : 19 - (DEBUG) :   SSL has been enabled
23 : 05 : 19 - (DEBUG) :   Starting authorization phase
23 : 05 : 19 - (DEBUG) :   The provided initial strategy is caching_sha2_password
23 : 05 : 19 - (DEBUG) :   Exchanging further packets
23 : 05 : 19 - (DEBUG) :   caching_sha2_password completed succesfully
23 : 05 : 19 - (DEBUG) :   Building SSL context
23 : 05 : 19 - (DEBUG) :   Switching to SSL
23 : 05 : 19 - (DEBUG) :   SSL has been enabled
23 : 05 : 19 - (DEBUG) :   Starting authorization phase
23 : 05 : 19 - (DEBUG) :   The provided initial strategy is caching_sha2_password
23 : 05 : 19 - (DEBUG) :   Exchanging further packets
23 : 05 : 19 - (DEBUG) :   caching_sha2_password completed succesfully
23 : 05 : 31 - (ERROR) :    Invalid action
23 : 06 : 12 - (DEBUG) :   Building SSL context
23 : 06 : 12 - (DEBUG) :   Switching to SSL
23 : 06 : 12 - (DEBUG) :   SSL has been enabled
23 : 06 : 12 - (DEBUG) :   Starting authorization phase
23 : 06 : 12 - (DEBUG) :   The provided initial strategy is caching_sha2_password
23 : 06 : 12 - (INFO) :   package: mysql.connector.plugins
23 : 06 : 12 - (INFO) :   plugin_name: caching_sha2_password
23 : 06 : 12 - (INFO) :   AUTHENTICATION_PLUGIN_CLASS: MySQLCachingSHA2PasswordAuthPlugin
23 : 06 : 12 - (DEBUG) :   Exchanging further packets
23 : 06 : 12 - (DEBUG) :   caching_sha2_password completed succesfully
23 : 06 : 12 - (DEBUG) :   Building SSL context
23 : 06 : 12 - (DEBUG) :   Switching to SSL
23 : 06 : 12 - (DEBUG) :   SSL has been enabled
23 : 06 : 12 - (DEBUG) :   Starting authorization phase
23 : 06 : 12 - (DEBUG) :   The provided initial strategy is caching_sha2_password
23 : 06 : 12 - (DEBUG) :   Exchanging further packets
23 : 06 : 12 - (DEBUG) :   caching_sha2_password completed succesfully
23 : 06 : 12 - (DEBUG) :   Building SSL context
23 : 06 : 12 - (DEBUG) :   Switching to SSL
23 : 06 : 12 - (DEBUG) :   SSL has been enabled
23 : 06 : 12 - (DEBUG) :   Starting authorization phase
23 : 06 : 12 - (DEBUG) :   The provided initial strategy is caching_sha2_password
23 : 06 : 12 - (DEBUG) :   Exchanging further packets
23 : 06 : 12 - (DEBUG) :   caching_sha2_password completed succesfully
23 : 06 : 27 - (DEBUG) :   Building SSL context
23 : 06 : 27 - (DEBUG) :   Switching to SSL
23 : 06 : 27 - (DEBUG) :   SSL has been enabled
23 : 06 : 27 - (DEBUG) :   Starting authorization phase
23 : 06 : 27 - (DEBUG) :   The provided initial strategy is caching_sha2_password
23 : 06 : 27 - (INFO) :   package: mysql.connector.plugins
23 : 06 : 27 - (INFO) :   plugin_name: caching_sha2_password
23 : 06 : 27 - (INFO) :   AUTHENTICATION_PLUGIN_CLASS: MySQLCachingSHA2PasswordAuthPlugin
23 : 06 : 27 - (DEBUG) :   Exchanging further packets
23 : 06 : 27 - (DEBUG) :   caching_sha2_password completed succesfully
23 : 06 : 27 - (DEBUG) :   Building SSL context
23 : 06 : 27 - (DEBUG) :   Switching to SSL
23 : 06 : 27 - (DEBUG) :   SSL has been enabled
23 : 06 : 27 - (DEBUG) :   Starting authorization phase
23 : 06 : 27 - (DEBUG) :   The provided initial strategy is caching_sha2_password
23 : 06 : 27 - (DEBUG) :   Exchanging further packets
23 : 06 : 27 - (DEBUG) :   caching_sha2_password completed succesfully
23 : 06 : 27 - (DEBUG) :   Building SSL context
23 : 06 : 27 - (DEBUG) :   Switching to SSL
23 : 06 : 27 - (DEBUG) :   SSL has been enabled
23 : 06 : 27 - (DEBUG) :   Starting authorization phase
23 : 06 : 27 - (DEBUG) :   The provided initial strategy is caching_sha2_password
23 : 06 : 27 - (DEBUG) :   Exchanging further packets
23 : 06 : 27 - (DEBUG) :   caching_sha2_password completed succesfully
23 : 06 : 36 - (DEBUG) :   Entered Player on Chance Card
23 : 11 : 37 - (DEBUG) :   Building SSL context
23 : 11 : 37 - (DEBUG) :   Switching to SSL
23 : 11 : 37 - (DEBUG) :   SSL has been enabled
23 : 11 : 37 - (DEBUG) :   Starting authorization phase
23 : 11 : 37 - (DEBUG) :   The provided initial strategy is caching_sha2_password
23 : 11 : 37 - (INFO) :   package: mysql.connector.plugins
23 : 11 : 37 - (INFO) :   plugin_name: caching_sha2_password
23 : 11 : 37 - (INFO) :   AUTHENTICATION_PLUGIN_CLASS: MySQLCachingSHA2PasswordAuthPlugin
23 : 11 : 37 - (DEBUG) :   Exchanging further packets
23 : 11 : 37 - (DEBUG) :   caching_sha2_password completed succesfully
23 : 11 : 37 - (DEBUG) :   Building SSL context
23 : 11 : 37 - (DEBUG) :   Switching to SSL
23 : 11 : 37 - (DEBUG) :   SSL has been enabled
23 : 11 : 37 - (DEBUG) :   Starting authorization phase
23 : 11 : 37 - (DEBUG) :   The provided initial strategy is caching_sha2_password
23 : 11 : 37 - (DEBUG) :   Exchanging further packets
23 : 11 : 37 - (DEBUG) :   caching_sha2_password completed succesfully
23 : 11 : 37 - (DEBUG) :   Building SSL context
23 : 11 : 37 - (DEBUG) :   Switching to SSL
23 : 11 : 37 - (DEBUG) :   SSL has been enabled
23 : 11 : 37 - (DEBUG) :   Starting authorization phase
23 : 11 : 37 - (DEBUG) :   The provided initial strategy is caching_sha2_password
23 : 11 : 37 - (DEBUG) :   Exchanging further packets
23 : 11 : 37 - (DEBUG) :   caching_sha2_password completed succesfully
23 : 11 : 55 - (DEBUG) :   Entered Player on Chance Card
23 : 13 : 03 - (DEBUG) :   Building SSL context
23 : 13 : 03 - (DEBUG) :   Switching to SSL
23 : 13 : 03 - (DEBUG) :   SSL has been enabled
23 : 13 : 03 - (DEBUG) :   Starting authorization phase
23 : 13 : 03 - (DEBUG) :   The provided initial strategy is caching_sha2_password
23 : 13 : 03 - (INFO) :   package: mysql.connector.plugins
23 : 13 : 03 - (INFO) :   plugin_name: caching_sha2_password
23 : 13 : 03 - (INFO) :   AUTHENTICATION_PLUGIN_CLASS: MySQLCachingSHA2PasswordAuthPlugin
23 : 13 : 03 - (DEBUG) :   Exchanging further packets
23 : 13 : 03 - (DEBUG) :   caching_sha2_password completed succesfully
23 : 13 : 03 - (DEBUG) :   Building SSL context
23 : 13 : 03 - (DEBUG) :   Switching to SSL
23 : 13 : 03 - (DEBUG) :   SSL has been enabled
23 : 13 : 03 - (DEBUG) :   Starting authorization phase
23 : 13 : 03 - (DEBUG) :   The provided initial strategy is caching_sha2_password
23 : 13 : 03 - (DEBUG) :   Exchanging further packets
23 : 13 : 03 - (DEBUG) :   caching_sha2_password completed succesfully
23 : 13 : 03 - (DEBUG) :   Building SSL context
23 : 13 : 03 - (DEBUG) :   Switching to SSL
23 : 13 : 03 - (DEBUG) :   SSL has been enabled
23 : 13 : 03 - (DEBUG) :   Starting authorization phase
23 : 13 : 03 - (DEBUG) :   The provided initial strategy is caching_sha2_password
23 : 13 : 03 - (DEBUG) :   Exchanging further packets
23 : 13 : 03 - (DEBUG) :   caching_sha2_password completed succesfully
23 : 13 : 12 - (DEBUG) :   Building SSL context
23 : 13 : 12 - (DEBUG) :   Switching to SSL
23 : 13 : 12 - (DEBUG) :   SSL has been enabled
23 : 13 : 12 - (DEBUG) :   Starting authorization phase
23 : 13 : 12 - (DEBUG) :   The provided initial strategy is caching_sha2_password
23 : 13 : 12 - (INFO) :   package: mysql.connector.plugins
23 : 13 : 12 - (INFO) :   plugin_name: caching_sha2_password
23 : 13 : 12 - (INFO) :   AUTHENTICATION_PLUGIN_CLASS: MySQLCachingSHA2PasswordAuthPlugin
23 : 13 : 12 - (DEBUG) :   Exchanging further packets
23 : 13 : 12 - (DEBUG) :   caching_sha2_password completed succesfully
23 : 13 : 13 - (DEBUG) :   Building SSL context
23 : 13 : 13 - (DEBUG) :   Switching to SSL
23 : 13 : 13 - (DEBUG) :   SSL has been enabled
23 : 13 : 13 - (DEBUG) :   Starting authorization phase
23 : 13 : 13 - (DEBUG) :   The provided initial strategy is caching_sha2_password
23 : 13 : 13 - (DEBUG) :   Exchanging further packets
23 : 13 : 13 - (DEBUG) :   caching_sha2_password completed succesfully
23 : 13 : 13 - (DEBUG) :   Building SSL context
23 : 13 : 13 - (DEBUG) :   Switching to SSL
23 : 13 : 13 - (DEBUG) :   SSL has been enabled
23 : 13 : 13 - (DEBUG) :   Starting authorization phase
23 : 13 : 13 - (DEBUG) :   The provided initial strategy is caching_sha2_password
23 : 13 : 13 - (DEBUG) :   Exchanging further packets
23 : 13 : 13 - (DEBUG) :   caching_sha2_password completed succesfully
23 : 13 : 17 - (DEBUG) :   Entered Player on Chance Card
23 : 14 : 16 - (DEBUG) :   Building SSL context
23 : 14 : 16 - (DEBUG) :   Switching to SSL
23 : 14 : 16 - (DEBUG) :   SSL has been enabled
23 : 14 : 16 - (DEBUG) :   Starting authorization phase
23 : 14 : 16 - (DEBUG) :   The provided initial strategy is caching_sha2_password
23 : 14 : 16 - (INFO) :   package: mysql.connector.plugins
23 : 14 : 16 - (INFO) :   plugin_name: caching_sha2_password
23 : 14 : 16 - (INFO) :   AUTHENTICATION_PLUGIN_CLASS: MySQLCachingSHA2PasswordAuthPlugin
23 : 14 : 16 - (DEBUG) :   Exchanging further packets
23 : 14 : 16 - (DEBUG) :   caching_sha2_password completed succesfully
23 : 14 : 16 - (DEBUG) :   Building SSL context
23 : 14 : 16 - (DEBUG) :   Switching to SSL
23 : 14 : 16 - (DEBUG) :   SSL has been enabled
23 : 14 : 16 - (DEBUG) :   Starting authorization phase
23 : 14 : 16 - (DEBUG) :   The provided initial strategy is caching_sha2_password
23 : 14 : 16 - (DEBUG) :   Exchanging further packets
23 : 14 : 16 - (DEBUG) :   caching_sha2_password completed succesfully
23 : 14 : 16 - (DEBUG) :   Building SSL context
23 : 14 : 16 - (DEBUG) :   Switching to SSL
23 : 14 : 16 - (DEBUG) :   SSL has been enabled
23 : 14 : 16 - (DEBUG) :   Starting authorization phase
23 : 14 : 16 - (DEBUG) :   The provided initial strategy is caching_sha2_password
23 : 14 : 16 - (DEBUG) :   Exchanging further packets
23 : 14 : 16 - (DEBUG) :   caching_sha2_password completed succesfully
23 : 14 : 22 - (DEBUG) :   Entered Player on Chance Card
23 : 15 : 51 - (DEBUG) :   Building SSL context
23 : 15 : 51 - (DEBUG) :   Switching to SSL
23 : 15 : 51 - (DEBUG) :   SSL has been enabled
23 : 15 : 51 - (DEBUG) :   Starting authorization phase
23 : 15 : 51 - (DEBUG) :   The provided initial strategy is caching_sha2_password
23 : 15 : 51 - (INFO) :   package: mysql.connector.plugins
23 : 15 : 51 - (INFO) :   plugin_name: caching_sha2_password
23 : 15 : 51 - (INFO) :   AUTHENTICATION_PLUGIN_CLASS: MySQLCachingSHA2PasswordAuthPlugin
23 : 15 : 51 - (DEBUG) :   Exchanging further packets
23 : 15 : 51 - (DEBUG) :   caching_sha2_password completed succesfully
23 : 15 : 51 - (DEBUG) :   Building SSL context
23 : 15 : 51 - (DEBUG) :   Switching to SSL
23 : 15 : 51 - (DEBUG) :   SSL has been enabled
23 : 15 : 51 - (DEBUG) :   Starting authorization phase
23 : 15 : 51 - (DEBUG) :   The provided initial strategy is caching_sha2_password
23 : 15 : 51 - (DEBUG) :   Exchanging further packets
23 : 15 : 51 - (DEBUG) :   caching_sha2_password completed succesfully
23 : 15 : 51 - (DEBUG) :   Building SSL context
23 : 15 : 52 - (DEBUG) :   Switching to SSL
23 : 15 : 52 - (DEBUG) :   SSL has been enabled
23 : 15 : 52 - (DEBUG) :   Starting authorization phase
23 : 15 : 52 - (DEBUG) :   The provided initial strategy is caching_sha2_password
23 : 15 : 52 - (DEBUG) :   Exchanging further packets
23 : 15 : 52 - (DEBUG) :   caching_sha2_password completed succesfully
23 : 16 : 00 - (DEBUG) :   Entered Player on Chance Card
23 : 17 : 05 - (DEBUG) :   Building SSL context
23 : 17 : 05 - (DEBUG) :   Switching to SSL
23 : 17 : 05 - (DEBUG) :   SSL has been enabled
23 : 17 : 05 - (DEBUG) :   Starting authorization phase
23 : 17 : 05 - (DEBUG) :   The provided initial strategy is caching_sha2_password
23 : 17 : 05 - (INFO) :   package: mysql.connector.plugins
23 : 17 : 05 - (INFO) :   plugin_name: caching_sha2_password
23 : 17 : 05 - (INFO) :   AUTHENTICATION_PLUGIN_CLASS: MySQLCachingSHA2PasswordAuthPlugin
23 : 17 : 05 - (DEBUG) :   Exchanging further packets
23 : 17 : 05 - (DEBUG) :   caching_sha2_password completed succesfully
23 : 17 : 05 - (DEBUG) :   Building SSL context
23 : 17 : 05 - (DEBUG) :   Switching to SSL
23 : 17 : 05 - (DEBUG) :   SSL has been enabled
23 : 17 : 05 - (DEBUG) :   Starting authorization phase
23 : 17 : 05 - (DEBUG) :   The provided initial strategy is caching_sha2_password
23 : 17 : 05 - (DEBUG) :   Exchanging further packets
23 : 17 : 05 - (DEBUG) :   caching_sha2_password completed succesfully
23 : 17 : 05 - (DEBUG) :   Building SSL context
23 : 17 : 05 - (DEBUG) :   Switching to SSL
23 : 17 : 05 - (DEBUG) :   SSL has been enabled
23 : 17 : 05 - (DEBUG) :   Starting authorization phase
23 : 17 : 05 - (DEBUG) :   The provided initial strategy is caching_sha2_password
23 : 17 : 05 - (DEBUG) :   Exchanging further packets
23 : 17 : 05 - (DEBUG) :   caching_sha2_password completed succesfully
23 : 17 : 14 - (DEBUG) :   Entered Player on Chance Card
23 : 20 : 29 - (DEBUG) :   Building SSL context
23 : 20 : 29 - (DEBUG) :   Switching to SSL
23 : 20 : 29 - (DEBUG) :   SSL has been enabled
23 : 20 : 29 - (DEBUG) :   Starting authorization phase
23 : 20 : 29 - (DEBUG) :   The provided initial strategy is caching_sha2_password
23 : 20 : 29 - (INFO) :   package: mysql.connector.plugins
23 : 20 : 29 - (INFO) :   plugin_name: caching_sha2_password
23 : 20 : 29 - (INFO) :   AUTHENTICATION_PLUGIN_CLASS: MySQLCachingSHA2PasswordAuthPlugin
23 : 20 : 29 - (DEBUG) :   Exchanging further packets
23 : 20 : 29 - (DEBUG) :   caching_sha2_password completed succesfully
23 : 20 : 29 - (DEBUG) :   Building SSL context
23 : 20 : 29 - (DEBUG) :   Switching to SSL
23 : 20 : 29 - (DEBUG) :   SSL has been enabled
23 : 20 : 29 - (DEBUG) :   Starting authorization phase
23 : 20 : 29 - (DEBUG) :   The provided initial strategy is caching_sha2_password
23 : 20 : 29 - (DEBUG) :   Exchanging further packets
23 : 20 : 29 - (DEBUG) :   caching_sha2_password completed succesfully
23 : 20 : 29 - (DEBUG) :   Building SSL context
23 : 20 : 30 - (DEBUG) :   Switching to SSL
23 : 20 : 30 - (DEBUG) :   SSL has been enabled
23 : 20 : 30 - (DEBUG) :   Starting authorization phase
23 : 20 : 30 - (DEBUG) :   The provided initial strategy is caching_sha2_password
23 : 20 : 30 - (DEBUG) :   Exchanging further packets
23 : 20 : 30 - (DEBUG) :   caching_sha2_password completed succesfully
23 : 20 : 34 - (DEBUG) :   Entered Player on Chance Card
